<?xml version="1.0" encoding="UTF-8"?>
<!-- Generated by org.testng.reporters.JUnitReportReporter -->
<testsuite hostname="seungbeomi-PC" name="kr.co.bsisys.com.biz.code.svc.ComCodeDetailServiceTest" tests="2" failures="0" timestamp="12 May 2014 23:03:37 GMT" time="0.726" errors="0">
  <testcase name="testCRUD" time="0.652" classname="kr.co.bsisys.com.biz.code.svc.ComCodeDetailServiceTest"/>
  <testcase name="testSelectComCodeDetailList" time="0.074" classname="kr.co.bsisys.com.biz.code.svc.ComCodeDetailServiceTest"/>
</testsuite> <!-- kr.co.bsisys.com.biz.code.svc.ComCodeDetailServiceTest -->
