<?xml version="1.0" encoding="UTF-8"?>
<!-- Generated by org.testng.reporters.JUnitReportReporter -->
<testsuite hostname="seungbeomi-PC" name="kr.co.bsisys.com.biz.code.svc.ComCodeServiceTest" tests="4" failures="0" timestamp="12 May 2014 04:35:20 GMT" time="0.757" errors="0">
  <testcase name="testSelectComCodeDetail" time="0.526" classname="kr.co.bsisys.com.biz.code.svc.ComCodeServiceTest"/>
  <testcase name="testSelectComCodeCnt" time="0.012" classname="kr.co.bsisys.com.biz.code.svc.ComCodeServiceTest"/>
  <testcase name="testCUDComCode" time="0.128" classname="kr.co.bsisys.com.biz.code.svc.ComCodeServiceTest"/>
  <testcase name="testSelectComCodeList" time="0.091" classname="kr.co.bsisys.com.biz.code.svc.ComCodeServiceTest"/>
</testsuite> <!-- kr.co.bsisys.com.biz.code.svc.ComCodeServiceTest -->
