<?xml version="1.0" encoding="UTF-8"?>
<!-- Generated by org.testng.reporters.JUnitReportReporter -->
<testsuite hostname="seungbeomi-PC" name="kr.co.bsisys.com.biz.code.svc.ComClCodeServiceTest" tests="2" failures="0" timestamp="12 May 2014 23:36:33 GMT" time="0.686" errors="0">
  <testcase name="testCRUD" time="0.667" classname="kr.co.bsisys.com.biz.code.svc.ComClCodeServiceTest"/>
  <testcase name="testSelectComClCodeList" time="0.019" classname="kr.co.bsisys.com.biz.code.svc.ComClCodeServiceTest"/>
</testsuite> <!-- kr.co.bsisys.com.biz.code.svc.ComClCodeServiceTest -->
