<?xml version="1.0" encoding="UTF-8"?>
<!-- Generated by org.testng.reporters.JUnitReportReporter -->
<testsuite hostname="seungbeomi-PC" name="kr.co.bsisys.com.biz.code.service.ComCodeDetailServiceTest" tests="2" failures="0" timestamp="15 May 2014 07:13:25 GMT" time="0.949" errors="0">
  <testcase name="testSelectComCodeDetailList" time="0.738" classname="kr.co.bsisys.com.biz.code.service.ComCodeDetailServiceTest"/>
  <testcase name="testCRUD" time="0.211" classname="kr.co.bsisys.com.biz.code.service.ComCodeDetailServiceTest"/>
</testsuite> <!-- kr.co.bsisys.com.biz.code.service.ComCodeDetailServiceTest -->
