<?xml version="1.0" encoding="UTF-8"?>
<!-- Generated by org.testng.reporters.JUnitReportReporter -->
<testsuite hostname="seungbeomi-PC" name="kr.co.bsisys.com.biz.code.service.ComClCodeServiceTest" tests="2" failures="0" timestamp="15 May 2014 07:11:42 GMT" time="0.898" errors="0">
  <testcase name="testCRUD" time="0.821" classname="kr.co.bsisys.com.biz.code.service.ComClCodeServiceTest"/>
  <testcase name="testSelectComClCodeList" time="0.077" classname="kr.co.bsisys.com.biz.code.service.ComClCodeServiceTest"/>
</testsuite> <!-- kr.co.bsisys.com.biz.code.service.ComClCodeServiceTest -->
