<?xml version="1.0" encoding="UTF-8"?>
<!-- Generated by org.testng.reporters.JUnitReportReporter -->
<testsuite hostname="seungbeomi-PC" name="kr.co.bsisys.com.biz.code.service.ComCodeServiceTest" tests="4" failures="0" timestamp="15 May 2014 07:14:36 GMT" time="0.917" errors="0">
  <testcase name="testSelectComCodeDetail" time="0.008" classname="kr.co.bsisys.com.biz.code.service.ComCodeServiceTest"/>
  <testcase name="testSelectComCodeList" time="0.740" classname="kr.co.bsisys.com.biz.code.service.ComCodeServiceTest"/>
  <testcase name="testselectComCodeListTotCnt" time="0.013" classname="kr.co.bsisys.com.biz.code.service.ComCodeServiceTest"/>
  <testcase name="testCUDComCode" time="0.156" classname="kr.co.bsisys.com.biz.code.service.ComCodeServiceTest"/>
</testsuite> <!-- kr.co.bsisys.com.biz.code.service.ComCodeServiceTest -->
