<?xml version="1.0" encoding="UTF-8"?>
<!-- Generated by org.testng.reporters.JUnitReportReporter -->
<testsuite hostname="seungbeomi-PC" name="kr.co.bsisys.com.biz.code.svc.ComClCodeServiceTest" tests="2" failures="0" timestamp="15 May 2014 06:09:16 GMT" time="2.465" errors="0">
  <testcase name="testSelectComClCodeList" time="0.053" classname="kr.co.bsisys.com.biz.code.svc.ComClCodeServiceTest"/>
  <testcase name="testCRUD" time="2.412" classname="kr.co.bsisys.com.biz.code.svc.ComClCodeServiceTest"/>
</testsuite> <!-- kr.co.bsisys.com.biz.code.svc.ComClCodeServiceTest -->
