<?xml version="1.0" encoding="UTF-8"?>
<!-- Generated by org.testng.reporters.JUnitReportReporter -->
<testsuite hostname="seungbeomi-PC" name="kr.co.bsisys.com.biz.code.svc.ComCodeDetailServiceTest" tests="2" failures="0" timestamp="15 May 2014 06:10:03 GMT" time="0.969" errors="0">
  <testcase name="testSelectComCodeDetailList" time="0.024" classname="kr.co.bsisys.com.biz.code.svc.ComCodeDetailServiceTest"/>
  <testcase name="testCRUD" time="0.945" classname="kr.co.bsisys.com.biz.code.svc.ComCodeDetailServiceTest"/>
</testsuite> <!-- kr.co.bsisys.com.biz.code.svc.ComCodeDetailServiceTest -->
