<?xml version="1.0" encoding="UTF-8" ?>
<testsuite failures="0" time="1.155" errors="1" skipped="0" tests="1" name="seungbeomi.orm.jpa.dao.PersonDaoImplTest">
  <properties>
    <property name="java.runtime.name" value="Java(TM) SE Runtime Environment"/>
    <property name="sun.boot.library.path" value="/System/Library/Java/JavaVirtualMachines/1.6.0.jdk/Contents/Libraries"/>
    <property name="java.vm.version" value="17.1-b03-307"/>
    <property name="awt.nativeDoubleBuffering" value="true"/>
    <property name="gopherProxySet" value="false"/>
    <property name="mrj.build" value="10M3261"/>
    <property name="java.vm.vendor" value="Apple Inc."/>
    <property name="java.vendor.url" value="http://www.apple.com/"/>
    <property name="path.separator" value=":"/>
    <property name="java.vm.name" value="Java HotSpot(TM) 64-Bit Server VM"/>
    <property name="file.encoding.pkg" value="sun.io"/>
    <property name="user.country" value="KR"/>
    <property name="sun.java.launcher" value="SUN_STANDARD"/>
    <property name="sun.os.patch.level" value="unknown"/>
    <property name="java.vm.specification.name" value="Java Virtual Machine Specification"/>
    <property name="user.dir" value="/workspace/development"/>
    <property name="java.runtime.version" value="1.6.0_22-b04-307-10M3261"/>
    <property name="java.awt.graphicsenv" value="apple.awt.CGraphicsEnvironment"/>
    <property name="basedir" value="/workspace/development"/>
    <property name="java.endorsed.dirs" value="/System/Library/Java/JavaVirtualMachines/1.6.0.jdk/Contents/Home/lib/endorsed"/>
    <property name="os.arch" value="x86_64"/>
    <property name="surefire.real.class.path" value="/var/folders/uU/uUkvd9SgFnuKtAE7Yy4e1E+++TI/-Tmp-/surefirebooter3447510224878960538.jar"/>
    <property name="java.io.tmpdir" value="/var/folders/uU/uUkvd9SgFnuKtAE7Yy4e1E+++TI/-Tmp-/"/>
    <property name="line.separator" value="
"/>
    <property name="java.vm.specification.vendor" value="Sun Microsystems Inc."/>
    <property name="os.name" value="Mac OS X"/>
    <property name="sun.jnu.encoding" value="EUC_KR"/>
    <property name="java.library.path" value=".:/Library/Java/Extensions:/System/Library/Java/Extensions:/usr/lib/java"/>
    <property name="surefire.test.class.path" value="/workspace/development/target/test-classes:/workspace/development/target/classes:/Users/seungbeomi/.m2/repository/org/barista/barista-core/1.0-SNAPSHOT/barista-core-1.0-SNAPSHOT.jar:/Users/seungbeomi/.m2/repository/org/springframework/spring/2.5.6/spring-2.5.6.jar:/Users/seungbeomi/.m2/repository/commons-logging/commons-logging/1.1.1/commons-logging-1.1.1.jar:/Users/seungbeomi/.m2/repository/org/springframework/spring-webmvc/3.0.5.RELEASE/spring-webmvc-3.0.5.RELEASE.jar:/Users/seungbeomi/.m2/repository/org/springframework/spring-beans/3.0.5.RELEASE/spring-beans-3.0.5.RELEASE.jar:/Users/seungbeomi/.m2/repository/org/springframework/spring-core/3.0.5.RELEASE/spring-core-3.0.5.RELEASE.jar:/Users/seungbeomi/.m2/repository/org/springframework/spring-context/3.0.5.RELEASE/spring-context-3.0.5.RELEASE.jar:/Users/seungbeomi/.m2/repository/aopalliance/aopalliance/1.0/aopalliance-1.0.jar:/Users/seungbeomi/.m2/repository/org/springframework/spring-context-support/3.0.5.RELEASE/spring-context-support-3.0.5.RELEASE.jar:/Users/seungbeomi/.m2/repository/org/springframework/spring-web/3.0.5.RELEASE/spring-web-3.0.5.RELEASE.jar:/Users/seungbeomi/.m2/repository/commons-lang/commons-lang/2.4/commons-lang-2.4.jar:/Users/seungbeomi/.m2/repository/org/apache/commons/commons-io/1.4/commons-io-1.4.jar:/Users/seungbeomi/.m2/repository/commons-dbcp/commons-dbcp/1.4/commons-dbcp-1.4.jar:/Users/seungbeomi/.m2/repository/commons-pool/commons-pool/1.5.4/commons-pool-1.5.4.jar:/Users/seungbeomi/.m2/repository/org/apache/poi/poi/3.7/poi-3.7.jar:/Users/seungbeomi/.m2/repository/org/apache/commons/commons-compress/1.1/commons-compress-1.1.jar:/Users/seungbeomi/.m2/repository/javax/mail/mail/1.4.1/mail-1.4.1.jar:/Users/seungbeomi/.m2/repository/javax/activation/activation/1.1/activation-1.1.jar:/Users/seungbeomi/.m2/repository/org/apache/tomcat/servlet-api/6.0.20/servlet-api-6.0.20.jar:/Users/seungbeomi/.m2/repository/org/springframework/spring-test/3.0.5.RELEASE/spring-test-3.0.5.RELEASE.jar:/Users/seungbeomi/.m2/repository/junit/junit/4.4/junit-4.4.jar:/Users/seungbeomi/.m2/repository/org/dbunit/dbunit/2.2/dbunit-2.2.jar:/Users/seungbeomi/.m2/repository/org/slf4j/slf4j-api/1.5.0/slf4j-api-1.5.0.jar:/Users/seungbeomi/.m2/repository/commons-collections/commons-collections/3.2/commons-collections-3.2.jar:/Users/seungbeomi/.m2/repository/org/springframework/spring-asm/3.0.5.RELEASE/spring-asm-3.0.5.RELEASE.jar:/Users/seungbeomi/.m2/repository/org/springframework/spring-aop/3.0.5.RELEASE/spring-aop-3.0.5.RELEASE.jar:/Users/seungbeomi/.m2/repository/org/springframework/spring-expression/3.0.5.RELEASE/spring-expression-3.0.5.RELEASE.jar:/Users/seungbeomi/.m2/repository/org/springframework/spring-jdbc/3.0.5.RELEASE/spring-jdbc-3.0.5.RELEASE.jar:/Users/seungbeomi/.m2/repository/org/springframework/spring-tx/3.0.5.RELEASE/spring-tx-3.0.5.RELEASE.jar:/Users/seungbeomi/.m2/repository/org/springframework/spring-orm/3.0.5.RELEASE/spring-orm-3.0.5.RELEASE.jar:/Users/seungbeomi/.m2/repository/org/springframework/spring-aspects/3.0.5.RELEASE/spring-aspects-3.0.5.RELEASE.jar:/Users/seungbeomi/.m2/repository/org/slf4j/jcl104-over-slf4j/1.5.0/jcl104-over-slf4j-1.5.0.jar:/Users/seungbeomi/.m2/repository/org/slf4j/slf4j-log4j12/1.5.0/slf4j-log4j12-1.5.0.jar:/Users/seungbeomi/.m2/repository/log4j/log4j/1.2.13/log4j-1.2.13.jar:/Users/seungbeomi/.m2/repository/commons-fileupload/commons-fileupload/1.2/commons-fileupload-1.2.jar:/Users/seungbeomi/.m2/repository/org/hibernate/hibernate-entitymanager/3.3.2.GA/hibernate-entitymanager-3.3.2.GA.jar:/Users/seungbeomi/.m2/repository/org/hibernate/hibernate/3.2.6.ga/hibernate-3.2.6.ga.jar:/Users/seungbeomi/.m2/repository/net/sf/ehcache/ehcache/1.3.0/ehcache-1.3.0.jar:/Users/seungbeomi/.m2/repository/javax/transaction/jta/1.1/jta-1.1.jar:/Users/seungbeomi/.m2/repository/asm/asm-attrs/1.5.3/asm-attrs-1.5.3.jar:/Users/seungbeomi/.m2/repository/dom4j/dom4j/1.6.1/dom4j-1.6.1.jar:/Users/seungbeomi/.m2/repository/antlr/antlr/2.7.6/antlr-2.7.6.jar:/Users/seungbeomi/.m2/repository/cglib/cglib/2.1_3/cglib-2.1_3.jar:/Users/seungbeomi/.m2/repository/asm/asm/3.2/asm-3.2.jar:/Users/seungbeomi/.m2/repository/org/hibernate/hibernate-annotations/3.3.1.GA/hibernate-annotations-3.3.1.GA.jar:/Users/seungbeomi/.m2/repository/org/hibernate/hibernate-commons-annotations/3.0.0.ga/hibernate-commons-annotations-3.0.0.ga.jar:/Users/seungbeomi/.m2/repository/org/hibernate/ejb3-persistence/1.0.1.GA/ejb3-persistence-1.0.1.GA.jar:/Users/seungbeomi/.m2/repository/javassist/javassist/3.4.GA/javassist-3.4.GA.jar:/Users/seungbeomi/.m2/repository/net/sf/jsr107cache/jsr107cache/1.0/jsr107cache-1.0.jar:/Users/seungbeomi/.m2/repository/backport-util-concurrent/backport-util-concurrent/3.0/backport-util-concurrent-3.0.jar:/Users/seungbeomi/.m2/repository/cglib/cglib-nodep/2.1_3/cglib-nodep-2.1_3.jar:/Users/seungbeomi/.m2/repository/com/h2database/h2/1.3.146/h2-1.3.146.jar:/Users/seungbeomi/.m2/repository/c3p0/c3p0/0.9.1.2/c3p0-0.9.1.2.jar:/Users/seungbeomi/.m2/repository/org/hamcrest/hamcrest-library/1.1/hamcrest-library-1.1.jar:/Users/seungbeomi/.m2/repository/org/hamcrest/hamcrest-core/1.1/hamcrest-core-1.1.jar:/Users/seungbeomi/.m2/repository/org/mockito/mockito-all/1.3/mockito-all-1.3.jar:/Users/seungbeomi/.m2/repository/junit-addons/junit-addons/1.4/junit-addons-1.4.jar:/Users/seungbeomi/.m2/repository/xerces/xercesImpl/2.6.2/xercesImpl-2.6.2.jar:/Users/seungbeomi/.m2/repository/xerces/xmlParserAPIs/2.6.2/xmlParserAPIs-2.6.2.jar:/Users/seungbeomi/.m2/repository/poi/poi/2.5.1-final-20040804/poi-2.5.1-final-20040804.jar:/Users/seungbeomi/.m2/repository/org/mvel/mvel/1.3.2-java1.5/mvel-1.3.2-java1.5.jar:/Users/seungbeomi/.m2/repository/javax/xml/jaxrpc-api/1.1/jaxrpc-api-1.1.jar:/Users/seungbeomi/.m2/repository/javax/annotation/jsr250-api/1.0/jsr250-api-1.0.jar:/Users/seungbeomi/.m2/repository/org/aspectj/aspectjrt/1.6.10/aspectjrt-1.6.10.jar:"/>
    <property name="java.specification.name" value="Java Platform API Specification"/>
    <property name="java.class.version" value="50.0"/>
    <property name="sun.management.compiler" value="HotSpot 64-Bit Server Compiler"/>
    <property name="os.version" value="10.6.5"/>
    <property name="http.nonProxyHosts" value="local|*.local|169.254/16|*.169.254/16"/>
    <property name="user.home" value="/Users/seungbeomi"/>
    <property name="user.timezone" value="Asia/Tokyo"/>
    <property name="java.awt.printerjob" value="apple.awt.CPrinterJob"/>
    <property name="java.specification.version" value="1.6"/>
    <property name="file.encoding" value="EUC_KR"/>
    <property name="user.name" value="seungbeomi"/>
    <property name="java.class.path" value="/workspace/development/target/test-classes:/workspace/development/target/classes:/Users/seungbeomi/.m2/repository/org/barista/barista-core/1.0-SNAPSHOT/barista-core-1.0-SNAPSHOT.jar:/Users/seungbeomi/.m2/repository/org/springframework/spring/2.5.6/spring-2.5.6.jar:/Users/seungbeomi/.m2/repository/commons-logging/commons-logging/1.1.1/commons-logging-1.1.1.jar:/Users/seungbeomi/.m2/repository/org/springframework/spring-webmvc/3.0.5.RELEASE/spring-webmvc-3.0.5.RELEASE.jar:/Users/seungbeomi/.m2/repository/org/springframework/spring-beans/3.0.5.RELEASE/spring-beans-3.0.5.RELEASE.jar:/Users/seungbeomi/.m2/repository/org/springframework/spring-core/3.0.5.RELEASE/spring-core-3.0.5.RELEASE.jar:/Users/seungbeomi/.m2/repository/org/springframework/spring-context/3.0.5.RELEASE/spring-context-3.0.5.RELEASE.jar:/Users/seungbeomi/.m2/repository/aopalliance/aopalliance/1.0/aopalliance-1.0.jar:/Users/seungbeomi/.m2/repository/org/springframework/spring-context-support/3.0.5.RELEASE/spring-context-support-3.0.5.RELEASE.jar:/Users/seungbeomi/.m2/repository/org/springframework/spring-web/3.0.5.RELEASE/spring-web-3.0.5.RELEASE.jar:/Users/seungbeomi/.m2/repository/commons-lang/commons-lang/2.4/commons-lang-2.4.jar:/Users/seungbeomi/.m2/repository/org/apache/commons/commons-io/1.4/commons-io-1.4.jar:/Users/seungbeomi/.m2/repository/commons-dbcp/commons-dbcp/1.4/commons-dbcp-1.4.jar:/Users/seungbeomi/.m2/repository/commons-pool/commons-pool/1.5.4/commons-pool-1.5.4.jar:/Users/seungbeomi/.m2/repository/org/apache/poi/poi/3.7/poi-3.7.jar:/Users/seungbeomi/.m2/repository/org/apache/commons/commons-compress/1.1/commons-compress-1.1.jar:/Users/seungbeomi/.m2/repository/javax/mail/mail/1.4.1/mail-1.4.1.jar:/Users/seungbeomi/.m2/repository/javax/activation/activation/1.1/activation-1.1.jar:/Users/seungbeomi/.m2/repository/org/apache/tomcat/servlet-api/6.0.20/servlet-api-6.0.20.jar:/Users/seungbeomi/.m2/repository/org/springframework/spring-test/3.0.5.RELEASE/spring-test-3.0.5.RELEASE.jar:/Users/seungbeomi/.m2/repository/junit/junit/4.4/junit-4.4.jar:/Users/seungbeomi/.m2/repository/org/dbunit/dbunit/2.2/dbunit-2.2.jar:/Users/seungbeomi/.m2/repository/org/slf4j/slf4j-api/1.5.0/slf4j-api-1.5.0.jar:/Users/seungbeomi/.m2/repository/commons-collections/commons-collections/3.2/commons-collections-3.2.jar:/Users/seungbeomi/.m2/repository/org/springframework/spring-asm/3.0.5.RELEASE/spring-asm-3.0.5.RELEASE.jar:/Users/seungbeomi/.m2/repository/org/springframework/spring-aop/3.0.5.RELEASE/spring-aop-3.0.5.RELEASE.jar:/Users/seungbeomi/.m2/repository/org/springframework/spring-expression/3.0.5.RELEASE/spring-expression-3.0.5.RELEASE.jar:/Users/seungbeomi/.m2/repository/org/springframework/spring-jdbc/3.0.5.RELEASE/spring-jdbc-3.0.5.RELEASE.jar:/Users/seungbeomi/.m2/repository/org/springframework/spring-tx/3.0.5.RELEASE/spring-tx-3.0.5.RELEASE.jar:/Users/seungbeomi/.m2/repository/org/springframework/spring-orm/3.0.5.RELEASE/spring-orm-3.0.5.RELEASE.jar:/Users/seungbeomi/.m2/repository/org/springframework/spring-aspects/3.0.5.RELEASE/spring-aspects-3.0.5.RELEASE.jar:/Users/seungbeomi/.m2/repository/org/slf4j/jcl104-over-slf4j/1.5.0/jcl104-over-slf4j-1.5.0.jar:/Users/seungbeomi/.m2/repository/org/slf4j/slf4j-log4j12/1.5.0/slf4j-log4j12-1.5.0.jar:/Users/seungbeomi/.m2/repository/log4j/log4j/1.2.13/log4j-1.2.13.jar:/Users/seungbeomi/.m2/repository/commons-fileupload/commons-fileupload/1.2/commons-fileupload-1.2.jar:/Users/seungbeomi/.m2/repository/org/hibernate/hibernate-entitymanager/3.3.2.GA/hibernate-entitymanager-3.3.2.GA.jar:/Users/seungbeomi/.m2/repository/org/hibernate/hibernate/3.2.6.ga/hibernate-3.2.6.ga.jar:/Users/seungbeomi/.m2/repository/net/sf/ehcache/ehcache/1.3.0/ehcache-1.3.0.jar:/Users/seungbeomi/.m2/repository/javax/transaction/jta/1.1/jta-1.1.jar:/Users/seungbeomi/.m2/repository/asm/asm-attrs/1.5.3/asm-attrs-1.5.3.jar:/Users/seungbeomi/.m2/repository/dom4j/dom4j/1.6.1/dom4j-1.6.1.jar:/Users/seungbeomi/.m2/repository/antlr/antlr/2.7.6/antlr-2.7.6.jar:/Users/seungbeomi/.m2/repository/cglib/cglib/2.1_3/cglib-2.1_3.jar:/Users/seungbeomi/.m2/repository/asm/asm/3.2/asm-3.2.jar:/Users/seungbeomi/.m2/repository/org/hibernate/hibernate-annotations/3.3.1.GA/hibernate-annotations-3.3.1.GA.jar:/Users/seungbeomi/.m2/repository/org/hibernate/hibernate-commons-annotations/3.0.0.ga/hibernate-commons-annotations-3.0.0.ga.jar:/Users/seungbeomi/.m2/repository/org/hibernate/ejb3-persistence/1.0.1.GA/ejb3-persistence-1.0.1.GA.jar:/Users/seungbeomi/.m2/repository/javassist/javassist/3.4.GA/javassist-3.4.GA.jar:/Users/seungbeomi/.m2/repository/net/sf/jsr107cache/jsr107cache/1.0/jsr107cache-1.0.jar:/Users/seungbeomi/.m2/repository/backport-util-concurrent/backport-util-concurrent/3.0/backport-util-concurrent-3.0.jar:/Users/seungbeomi/.m2/repository/cglib/cglib-nodep/2.1_3/cglib-nodep-2.1_3.jar:/Users/seungbeomi/.m2/repository/com/h2database/h2/1.3.146/h2-1.3.146.jar:/Users/seungbeomi/.m2/repository/c3p0/c3p0/0.9.1.2/c3p0-0.9.1.2.jar:/Users/seungbeomi/.m2/repository/org/hamcrest/hamcrest-library/1.1/hamcrest-library-1.1.jar:/Users/seungbeomi/.m2/repository/org/hamcrest/hamcrest-core/1.1/hamcrest-core-1.1.jar:/Users/seungbeomi/.m2/repository/org/mockito/mockito-all/1.3/mockito-all-1.3.jar:/Users/seungbeomi/.m2/repository/junit-addons/junit-addons/1.4/junit-addons-1.4.jar:/Users/seungbeomi/.m2/repository/xerces/xercesImpl/2.6.2/xercesImpl-2.6.2.jar:/Users/seungbeomi/.m2/repository/xerces/xmlParserAPIs/2.6.2/xmlParserAPIs-2.6.2.jar:/Users/seungbeomi/.m2/repository/poi/poi/2.5.1-final-20040804/poi-2.5.1-final-20040804.jar:/Users/seungbeomi/.m2/repository/org/mvel/mvel/1.3.2-java1.5/mvel-1.3.2-java1.5.jar:/Users/seungbeomi/.m2/repository/javax/xml/jaxrpc-api/1.1/jaxrpc-api-1.1.jar:/Users/seungbeomi/.m2/repository/javax/annotation/jsr250-api/1.0/jsr250-api-1.0.jar:/Users/seungbeomi/.m2/repository/org/aspectj/aspectjrt/1.6.10/aspectjrt-1.6.10.jar:"/>
    <property name="java.vm.specification.version" value="1.0"/>
    <property name="sun.arch.data.model" value="64"/>
    <property name="java.home" value="/System/Library/Java/JavaVirtualMachines/1.6.0.jdk/Contents/Home"/>
    <property name="java.specification.vendor" value="Sun Microsystems Inc."/>
    <property name="user.language" value="ko"/>
    <property name="awt.toolkit" value="apple.awt.CToolkit"/>
    <property name="java.vm.info" value="mixed mode"/>
    <property name="java.version" value="1.6.0_22"/>
    <property name="java.ext.dirs" value="/Library/Java/Extensions:/System/Library/Java/Extensions:/System/Library/Java/JavaVirtualMachines/1.6.0.jdk/Contents/Home/lib/ext"/>
    <property name="sun.boot.class.path" value="/System/Library/Java/JavaVirtualMachines/1.6.0.jdk/Contents/Classes/jsfd.jar:/System/Library/Java/JavaVirtualMachines/1.6.0.jdk/Contents/Classes/classes.jar:/System/Library/Frameworks/JavaVM.framework/Frameworks/JavaRuntimeSupport.framework/Resources/Java/JavaRuntimeSupport.jar:/System/Library/Java/JavaVirtualMachines/1.6.0.jdk/Contents/Classes/ui.jar:/System/Library/Java/JavaVirtualMachines/1.6.0.jdk/Contents/Classes/laf.jar:/System/Library/Java/JavaVirtualMachines/1.6.0.jdk/Contents/Classes/sunrsasign.jar:/System/Library/Java/JavaVirtualMachines/1.6.0.jdk/Contents/Classes/jsse.jar:/System/Library/Java/JavaVirtualMachines/1.6.0.jdk/Contents/Classes/jce.jar:/System/Library/Java/JavaVirtualMachines/1.6.0.jdk/Contents/Classes/charsets.jar"/>
    <property name="java.vendor" value="Apple Inc."/>
    <property name="localRepository" value="/Users/seungbeomi/.m2/repository"/>
    <property name="file.separator" value="/"/>
    <property name="java.vendor.url.bug" value="http://bugreport.apple.com/"/>
    <property name="sun.cpu.endian" value="little"/>
    <property name="sun.io.unicode.encoding" value="UnicodeLittle"/>
    <property name="mrj.version" value="1060.1.6.0_22-307"/>
    <property name="socksNonProxyHosts" value="local|*.local|169.254/16|*.169.254/16"/>
    <property name="ftp.nonProxyHosts" value="local|*.local|169.254/16|*.169.254/16"/>
    <property name="sun.cpu.isalist" value=""/>
  </properties>
  <testcase time="1.133" classname="seungbeomi.orm.jpa.dao.PersonDaoImplTest" name="testList">
    <error message="Error creating bean with name &apos;entityManagerFactory&apos; defined in class path resource [DaoTestCase.xml]: Invocation of init method failed; nested exception is java.lang.IllegalArgumentException: Invalid XML in persistence unit from URL [file:/workspace/development/target/classes/META-INF/persistence.xml]" type="org.springframework.beans.factory.BeanCreationException">org.springframework.beans.factory.BeanCreationException: Error creating bean with name &apos;entityManagerFactory&apos; defined in class path resource [DaoTestCase.xml]: Invocation of init method failed; nested exception is java.lang.IllegalArgumentException: Invalid XML in persistence unit from URL [file:/workspace/development/target/classes/META-INF/persistence.xml]
	at org.springframework.beans.factory.support.AbstractAutowireCapableBeanFactory.initializeBean(AbstractAutowireCapableBeanFactory.java:1338)
	at org.springframework.beans.factory.support.AbstractAutowireCapableBeanFactory.doCreateBean(AbstractAutowireCapableBeanFactory.java:473)
	at org.springframework.beans.factory.support.AbstractAutowireCapableBeanFactory$1.run(AbstractAutowireCapableBeanFactory.java:409)
	at java.security.AccessController.doPrivileged(Native Method)
	at org.springframework.beans.factory.support.AbstractAutowireCapableBeanFactory.createBean(AbstractAutowireCapableBeanFactory.java:380)
	at org.springframework.beans.factory.support.AbstractBeanFactory$1.getObject(AbstractBeanFactory.java:264)
	at org.springframework.beans.factory.support.DefaultSingletonBeanRegistry.getSingleton(DefaultSingletonBeanRegistry.java:222)
	at org.springframework.beans.factory.support.AbstractBeanFactory.doGetBean(AbstractBeanFactory.java:261)
	at org.springframework.beans.factory.support.AbstractBeanFactory.getBean(AbstractBeanFactory.java:185)
	at org.springframework.beans.factory.support.AbstractBeanFactory.getBean(AbstractBeanFactory.java:164)
	at org.springframework.beans.factory.support.DefaultListableBeanFactory.preInstantiateSingletons(DefaultListableBeanFactory.java:423)
	at org.springframework.context.support.AbstractApplicationContext.finishBeanFactoryInitialization(AbstractApplicationContext.java:728)
	at org.springframework.context.support.AbstractApplicationContext.refresh(AbstractApplicationContext.java:380)
	at org.springframework.test.AbstractSingleSpringContextTests.createApplicationContext(AbstractSingleSpringContextTests.java:216)
	at org.springframework.test.AbstractSingleSpringContextTests.loadContextLocations(AbstractSingleSpringContextTests.java:192)
	at org.springframework.test.AbstractSingleSpringContextTests.loadContext(AbstractSingleSpringContextTests.java:172)
	at org.springframework.test.AbstractSpringContextTests.getContext(AbstractSpringContextTests.java:133)
	at org.springframework.test.AbstractSingleSpringContextTests.setUp(AbstractSingleSpringContextTests.java:101)
	at junit.framework.TestCase.runBare(TestCase.java:132)
	at org.springframework.test.ConditionalTestCase.runBare(ConditionalTestCase.java:79)
	at junit.framework.TestResult$1.protect(TestResult.java:110)
	at junit.framework.TestResult.runProtected(TestResult.java:128)
	at junit.framework.TestResult.run(TestResult.java:113)
	at junit.framework.TestCase.run(TestCase.java:124)
	at junit.framework.TestSuite.runTest(TestSuite.java:232)
	at junit.framework.TestSuite.run(TestSuite.java:227)
	at org.junit.internal.runners.JUnit38ClassRunner.run(JUnit38ClassRunner.java:81)
	at org.apache.maven.surefire.junit4.JUnit4TestSet.execute(JUnit4TestSet.java:62)
	at org.apache.maven.surefire.suite.AbstractDirectoryTestSuite.executeTestSet(AbstractDirectoryTestSuite.java:140)
	at org.apache.maven.surefire.suite.AbstractDirectoryTestSuite.execute(AbstractDirectoryTestSuite.java:127)
	at org.apache.maven.surefire.Surefire.run(Surefire.java:177)
	at sun.reflect.NativeMethodAccessorImpl.invoke0(Native Method)
	at sun.reflect.NativeMethodAccessorImpl.invoke(NativeMethodAccessorImpl.java:39)
	at sun.reflect.DelegatingMethodAccessorImpl.invoke(DelegatingMethodAccessorImpl.java:25)
	at java.lang.reflect.Method.invoke(Method.java:597)
	at org.apache.maven.surefire.booter.SurefireBooter.runSuitesInProcess(SurefireBooter.java:345)
	at org.apache.maven.surefire.booter.SurefireBooter.main(SurefireBooter.java:1009)
Caused by: java.lang.IllegalArgumentException: Invalid XML in persistence unit from URL [file:/workspace/development/target/classes/META-INF/persistence.xml]
	at org.springframework.orm.jpa.persistenceunit.PersistenceUnitReader.readPersistenceUnitInfos(PersistenceUnitReader.java:151)
	at org.springframework.orm.jpa.persistenceunit.DefaultPersistenceUnitManager.readPersistenceUnitInfos(DefaultPersistenceUnitManager.java:303)
	at org.springframework.orm.jpa.persistenceunit.DefaultPersistenceUnitManager.preparePersistenceUnitInfos(DefaultPersistenceUnitManager.java:275)
	at org.springframework.orm.jpa.persistenceunit.DefaultPersistenceUnitManager.afterPropertiesSet(DefaultPersistenceUnitManager.java:260)
	at org.springframework.orm.jpa.LocalContainerEntityManagerFactoryBean.createNativeEntityManagerFactory(LocalContainerEntityManagerFactoryBean.java:192)
	at org.springframework.orm.jpa.AbstractEntityManagerFactoryBean.afterPropertiesSet(AbstractEntityManagerFactoryBean.java:291)
	at org.springframework.beans.factory.support.AbstractAutowireCapableBeanFactory.invokeInitMethods(AbstractAutowireCapableBeanFactory.java:1369)
	at org.springframework.beans.factory.support.AbstractAutowireCapableBeanFactory.initializeBean(AbstractAutowireCapableBeanFactory.java:1335)
	... 36 more
Caused by: org.xml.sax.SAXParseException: cvc-complex-type.3.1: Value &apos;2.0&apos; of attribute &apos;version&apos; of element &apos;persistence&apos; is not valid with respect to the corresponding attribute use. Attribute &apos;version&apos; has a fixed value of &apos;1.0&apos;.
	at org.apache.xerces.util.ErrorHandlerWrapper.createSAXParseException(Unknown Source)
	at org.apache.xerces.util.ErrorHandlerWrapper.error(Unknown Source)
	at org.apache.xerces.impl.XMLErrorReporter.reportError(Unknown Source)
	at org.apache.xerces.impl.XMLErrorReporter.reportError(Unknown Source)
	at org.apache.xerces.impl.xs.XMLSchemaValidator$XSIErrorReporter.reportError(Unknown Source)
	at org.apache.xerces.impl.xs.XMLSchemaValidator.reportSchemaError(Unknown Source)
	at org.apache.xerces.impl.xs.XMLSchemaValidator.processOneAttribute(Unknown Source)
	at org.apache.xerces.impl.xs.XMLSchemaValidator.processAttributes(Unknown Source)
	at org.apache.xerces.impl.xs.XMLSchemaValidator.handleStartElement(Unknown Source)
	at org.apache.xerces.impl.xs.XMLSchemaValidator.startElement(Unknown Source)
	at org.apache.xerces.impl.XMLNSDocumentScannerImpl.scanStartElement(Unknown Source)
	at org.apache.xerces.impl.XMLNSDocumentScannerImpl$NSContentDispatcher.scanRootElementHook(Unknown Source)
	at org.apache.xerces.impl.XMLDocumentFragmentScannerImpl$FragmentContentDispatcher.dispatch(Unknown Source)
	at org.apache.xerces.impl.XMLDocumentFragmentScannerImpl.scanDocument(Unknown Source)
	at org.apache.xerces.parsers.XML11Configuration.parse(Unknown Source)
	at org.apache.xerces.parsers.XML11Configuration.parse(Unknown Source)
	at org.apache.xerces.parsers.XMLParser.parse(Unknown Source)
	at org.apache.xerces.parsers.DOMParser.parse(Unknown Source)
	at org.apache.xerces.jaxp.DocumentBuilderImpl.parse(Unknown Source)
	at javax.xml.parsers.DocumentBuilder.parse(DocumentBuilder.java:124)
	at org.springframework.orm.jpa.persistenceunit.PersistenceUnitReader.validateResource(PersistenceUnitReader.java:187)
	at org.springframework.orm.jpa.persistenceunit.PersistenceUnitReader.readPersistenceUnitInfos(PersistenceUnitReader.java:138)
	... 43 more
</error>
  </testcase>
</testsuite>